<?xml version="1.0" encoding="UTF-8"?>
<!-- Generated by org.testng.reporters.JUnitXMLReporter -->
<testsuite hostname="User-pk" ignored="2" name="Surefire test" tests="3" failures="0" timestamp="2020-12-29T13:21:33 EET" time="159.106" errors="0">
  <testcase name="verifyOfSubtracting" time="11.76" classname="org.example.MainScreenTest"/>
  <testcase name="verifyOfSumming" time="11.375" classname="org.example.MainScreenTest"/>
  <testcase name="verifyTopNavigation" time="9.449" classname="org.example.MainScreenTest"/>
  <testcase name="@BeforeTest initDriver" time="0.0" classname="org.example.TestBase">
    <ignored/>
  </testcase> <!-- @BeforeTest initDriver -->
  <testcase name="@AfterTest quitDriver" time="0.0" classname="org.example.TestBase">
    <ignored/>
  </testcase> <!-- @AfterTest quitDriver -->
</testsuite> <!-- Surefire test -->
