<?xml version="1.0" encoding="UTF-8"?>
<testng-results ignored="0" total="0" passed="0" failed="0" skipped="0">
  <reporter-output>
  </reporter-output>
  <suite started-at="2020-12-25T17:32:44 EET" name="Surefire suite" finished-at="2020-12-25T17:32:44 EET" duration-ms="4">
    <groups>
    </groups>
    <test started-at="2020-12-25T17:32:44 EET" name="Surefire test" finished-at="2020-12-25T17:32:44 EET" duration-ms="4">
      <class name="org.example.TestBase">
        <test-method is-config="true" signature="initTestSuite()[pri:0, instance:org.example.TestBase@74fe5c40]" started-at="2020-12-25T17:32:36 EET" name="initTestSuite" finished-at="2020-12-25T17:32:44 EET" duration-ms="8533" status="PASS">
          <reporter-output>
          </reporter-output>
        </test-method> <!-- initTestSuite -->
      </class> <!-- org.example.TestBase -->
    </test> <!-- Surefire test -->
  </suite> <!-- Surefire suite -->
</testng-results>
