<?xml version="1.0" encoding="UTF-8"?>
<testsuite xmlns:xsi="http://www.w3.org/2001/XMLSchema-instance" xsi:noNamespaceSchemaLocation="https://maven.apache.org/surefire/maven-surefire-plugin/xsd/surefire-test-report.xsd" name="TestSuite" time="19.574" tests="6" errors="0" skipped="5" failures="1">
  <properties>
[...]
</properties>
  <testcase name="closePrivacyPopUp" classname="org.example.MainScreenTest" time="19.489">
    <failure message="Element not found {By.xpath: /hierarchy/android.widget.FrameLayout/android.widget.LinearLayout}&#10;Expected: be visible&#10;Screenshot: file:/C:/Users/Denis/Desktop/Java/Java%20projects/AppiumAndroidTesting/build/reports/tests/1609094297285.0.png&#10;Page source: file:/C:/Users/Denis/Desktop/Java/Java%20projects/AppiumAndroidTesting/build/reports/tests/1609094297285.0.html&#10;Timeout: 4 s.&#10;Caused by: NoSuchElementException: An element could not be located on the page using the given search parameters." type="com.codeborne.selenide.ex.ElementNotFound">com.codeborne.selenide.ex.ElementNotFound: 
Element not found {By.xpath: /hierarchy/android.widget.FrameLayout/android.widget.LinearLayout}
Expected: be visible
Screenshot: file:/C:/Users/Denis/Desktop/Java/Java%20projects/AppiumAndroidTesting/build/reports/tests/1609094297285.0.png
Page source: file:/C:/Users/Denis/Desktop/Java/Java%20projects/AppiumAndroidTesting/build/reports/tests/1609094297285.0.html
Timeout: 4 s.
Caused by: NoSuchElementException: An element could not be located on the page using the given search parameters.
Caused by: org.openqa.selenium.NoSuchElementException: 
An element could not be located on the page using the given search parameters.
For documentation on this error, please visit: https://www.seleniumhq.org/exceptions/no_such_element.html
Build info: version: '3.141.59', revision: 'e82be7d358', time: '2018-11-14T08:17:03'
System info: host: 'DESKTOP-JEUNI11', ip: '192.168.0.101', os.name: 'Windows 10', os.arch: 'amd64', os.version: '10.0', java.version: '11.0.6'
Driver info: io.appium.java_client.android.AndroidDriver
Capabilities {app: D:\calculator.apk, appPackage: com.miui.calculator, automationName: Appium, databaseEnabled: false, desired: {app: D:\calculator.apk, automationName: Appium, deviceName: Android Emulator, platformName: android, platformVersion: 11.0}, deviceApiLevel: 30, deviceManufacturer: Google, deviceModel: sdk_gphone_x86_arm, deviceName: emulator-5554, deviceScreenDensity: 560, deviceScreenSize: 1440x3040, deviceUDID: emulator-5554, javascriptEnabled: true, locationContextEnabled: false, networkConnectionEnabled: true, pixelRatio: 3.5, platform: LINUX, platformName: Android, platformVersion: 11, statBarHeight: 172, takesScreenshot: true, viewportRect: {height: 2529, left: 0, top: 172, width: 1440}, warnings: {}, webStorageEnabled: false}
Session ID: 0429bcd8-2255-40b9-ba16-31a6024c1b1b
*** Element info: {Using=xpath, value=/hierarchy/android.widget.FrameLayout/android.widget.LinearLayout}
</failure>
    <system-err><![CDATA[дек. 27, 2020 8:38:06 PM io.appium.java_client.remote.AppiumCommandExecutor$1 lambda$0
INFO: Detected dialect: W3C
SLF4J: Failed to load class "org.slf4j.impl.StaticLoggerBinder".
SLF4J: Defaulting to no-operation (NOP) logger implementation
SLF4J: See http://www.slf4j.org/codes.html#StaticLoggerBinder for further details.
]]></system-err>
  </testcase>
  <testcase name="closePrivacyPopUp" classname="org.example.MainScreenTest" time="0">
    <skipped/>
  </testcase>
  <testcase name="verifyOfSumming" classname="org.example.MainScreenTest" time="0">
    <skipped message="Element not found {By.xpath: /hierarchy/android.widget.FrameLayout/android.widget.LinearLayout}&#10;Expected: be visible&#10;Screenshot: file:/C:/Users/Denis/Desktop/Java/Java%20projects/AppiumAndroidTesting/build/reports/tests/1609094297285.0.png&#10;Page source: file:/C:/Users/Denis/Desktop/Java/Java%20projects/AppiumAndroidTesting/build/reports/tests/1609094297285.0.html&#10;Timeout: 4 s.&#10;Caused by: NoSuchElementException: An element could not be located on the page using the given search parameters."/>
  </testcase>
  <testcase name="closeWebDriver" classname="org.example.MainScreenTest" time="0">
    <skipped/>
  </testcase>
  <testcase name="closeWebDriver" classname="org.example.MainScreenTest" time="0">
    <skipped/>
  </testcase>
  <testcase name="verifyTopNavigation" classname="org.example.MainScreenTest" time="0">
    <skipped message="Element not found {By.xpath: /hierarchy/android.widget.FrameLayout/android.widget.LinearLayout}&#10;Expected: be visible&#10;Screenshot: file:/C:/Users/Denis/Desktop/Java/Java%20projects/AppiumAndroidTesting/build/reports/tests/1609094297285.0.png&#10;Page source: file:/C:/Users/Denis/Desktop/Java/Java%20projects/AppiumAndroidTesting/build/reports/tests/1609094297285.0.html&#10;Timeout: 4 s.&#10;Caused by: NoSuchElementException: An element could not be located on the page using the given search parameters."/>
  </testcase>
</testsuite>